2023-01-22 13:19:12,672 INFO [JavaFX Application Thread] c.e.z.HelloController [IzmjeniKartuController.java:43] Korisnik admin napravio je izmjenu: staro sjedalo: 10, novo sjedalo:1
2023-01-22 13:30:35,954 INFO [JavaFX Application Thread] c.e.z.HelloController [IzmjeniKartuController.java:43] Korisnik admin napravio je izmjenu: staro sjedalo: 11, novo sjedalo:12

2023-01-22 13:41:53,686 INFO [JavaFX Application Thread] c.e.z.HelloController [IzmjeniKartuController.java:43] Korisnik admin napravio je izmjenu: staro sjedalo: 12, novo sjedalo:100

2023-01-22 22:03:44,132 ERROR [JavaFX Application Thread] c.e.z.HelloController [KupnjaKarataController.java:57] Korisnik admin napravio je pogrešku: Sjedalo koje ste odabrali je zauzeto!

2023-01-22 22:04:14,790 INFO [JavaFX Application Thread] c.e.z.HelloController [IzmjeniKartuController.java:44] Korisnik admin napravio je izmjenu: staro sjedalo: 2, novo sjedalo:3

2023-01-22 22:04:22,514 INFO [JavaFX Application Thread] c.e.z.HelloController [PretragaKarataController.java:96] Korisnik admin obrisao je kartu: ID:3

2023-01-22 22:05:03,823 ERROR [JavaFX Application Thread] c.e.z.HelloController [KupnjaKarataController.java:57] Korisnik andrea napravio je pogrešku: Sjedalo koje ste odabrali je zauzeto!

2023-02-06 16:24:03,199 ERROR [JavaFX Application Thread] c.e.z.HelloController [KupnjaKarataController.java:57] Korisnik admin napravio je pogrešku: Odabrali ste sjedalo koje ne postoji!

2023-02-06 16:24:08,455 ERROR [JavaFX Application Thread] c.e.z.HelloController [KupnjaKarataController.java:57] Korisnik admin napravio je pogrešku: Odabrali ste sjedalo koje ne postoji!

2023-02-06 16:24:14,073 ERROR [JavaFX Application Thread] c.e.z.HelloController [KupnjaKarataController.java:57] Korisnik admin napravio je pogrešku: Sjedalo koje ste odabrali je zauzeto!

2023-02-06 16:28:54,062 INFO [JavaFX Application Thread] c.e.z.HelloController [IzmjeniKartuController.java:44] Korisnik admin napravio je izmjenu: staro sjedalo: 99, novo sjedalo:33

2023-02-06 16:29:38,428 INFO [JavaFX Application Thread] c.e.z.HelloController [IzmjeniKartuController.java:44] Korisnik admin napravio je izmjenu: staro sjedalo: 100, novo sjedalo:80

2023-02-06 16:29:52,610 INFO [JavaFX Application Thread] c.e.z.HelloController [PretragaKarataController.java:96] Korisnik admin obrisao je kartu: ID:3

2023-02-06 16:32:28,328 INFO [JavaFX Application Thread] c.e.z.HelloController [PretragaKarataController.java:96] Korisnik admin obrisao je kartu: ID:5

2023-02-06 16:32:36,821 INFO [JavaFX Application Thread] c.e.z.HelloController [PretragaKarataController.java:96] Korisnik admin obrisao je kartu: ID:4

2023-02-06 16:33:02,637 INFO [JavaFX Application Thread] c.e.z.HelloController [PretragaKarataController.java:96] Korisnik admin obrisao je kartu: ID:3

2023-02-06 16:52:04,270 INFO [JavaFX Application Thread] c.e.z.HelloController [PretragaKarataController.java:96] Korisnik admin obrisao je kartu: ID:3

2023-02-06 17:08:48,820 ERROR [JavaFX Application Thread] c.e.z.HelloController [KupnjaKarataController.java:57] Korisnik admin napravio je pogrešku: Odabrali ste sjedalo koje ne postoji!

2023-02-06 17:20:31,491 INFO [JavaFX Application Thread] c.e.z.HelloController [IzmjeniKartuController.java:44] Korisnik admin napravio je izmjenu: staro sjedalo: 80, novo sjedalo:55

2023-02-12 16:38:45,581 INFO [JavaFX Application Thread] c.e.z.HelloController [IzmjeniKartuController.java:44] Korisnik admin napravio je izmjenu: staro sjedalo: 656, novo sjedalo:324

2023-02-12 16:51:44,048 INFO [JavaFX Application Thread] c.e.z.HelloController [IzmjeniKartuController.java:44] Korisnik admin napravio je izmjenu: staro sjedalo: 324, novo sjedalo:322

